<?xml version="1.0" encoding="UTF-8"?>
<testsuite name="com.project.demo.DemoApplicationTests" tests="1" skipped="0" failures="0" errors="0" timestamp="2025-07-16T04:31:26.689Z" hostname="MacBook-Air-de-Carlos.local" time="0.329">
  <properties/>
  <testcase name="contextLoads()" classname="com.project.demo.DemoApplicationTests" time="0.329"/>
  <system-out><![CDATA[22:31:23.312 [Test worker] INFO org.springframework.test.context.support.AnnotationConfigContextLoaderUtils -- Could not detect default configuration classes for test class [com.project.demo.DemoApplicationTests]: DemoApplicationTests does not declare any static, non-private, non-final, nested classes annotated with @Configuration.
22:31:23.357 [Test worker] INFO org.springframework.boot.test.context.SpringBootTestContextBootstrapper -- Found @SpringBootConfiguration com.project.demo.DemoApplication for test class com.project.demo.DemoApplicationTests

  .   ____          _            __ _ _
 /\\ / ___'_ __ _ _(_)_ __  __ _ \ \ \ \
( ( )\___ | '_ | '_| | '_ \/ _` | \ \ \ \
 \\/  ___)| |_)| | | | | || (_| |  ) ) ) )
  '  |____| .__|_| |_|_| |_\__, | / / / /
 =========|_|==============|___/=/_/_/_/
 :: Spring Boot ::                (v3.2.5)

2025-07-15T22:31:23.513-06:00  INFO 5365 --- [demo] [    Test worker] com.project.demo.DemoApplicationTests    : Starting DemoApplicationTests using Java 21.0.7 with PID 5365 (started by Pablo in /Users/Pablo/Desktop/NovaSoftEduSmart/NovaSoftBackend)
2025-07-15T22:31:23.513-06:00  INFO 5365 --- [demo] [    Test worker] com.project.demo.DemoApplicationTests    : The following 1 profile is active: "test"
2025-07-15T22:31:23.916-06:00  INFO 5365 --- [demo] [    Test worker] .s.d.r.c.RepositoryConfigurationDelegate : Bootstrapping Spring Data JPA repositories in DEFAULT mode.
2025-07-15T22:31:23.953-06:00  INFO 5365 --- [demo] [    Test worker] .s.d.r.c.RepositoryConfigurationDelegate : Finished Spring Data repository scanning in 33 ms. Found 15 JPA repository interfaces.
2025-07-15T22:31:24.345-06:00  INFO 5365 --- [demo] [    Test worker] o.hibernate.jpa.internal.util.LogHelper  : HHH000204: Processing PersistenceUnitInfo [name: default]
2025-07-15T22:31:24.377-06:00  INFO 5365 --- [demo] [    Test worker] org.hibernate.Version                    : HHH000412: Hibernate ORM core version 6.4.4.Final
2025-07-15T22:31:24.393-06:00  INFO 5365 --- [demo] [    Test worker] o.h.c.internal.RegionFactoryInitiator    : HHH000026: Second-level cache disabled
2025-07-15T22:31:24.492-06:00  INFO 5365 --- [demo] [    Test worker] o.s.o.j.p.SpringPersistenceUnitInfo      : No LoadTimeWeaver setup: ignoring JPA class transformer
2025-07-15T22:31:24.504-06:00  INFO 5365 --- [demo] [    Test worker] com.zaxxer.hikari.HikariDataSource       : HikariPool-1 - Starting...
2025-07-15T22:31:24.547-06:00  INFO 5365 --- [demo] [    Test worker] com.zaxxer.hikari.pool.HikariPool        : HikariPool-1 - Added connection org.mariadb.jdbc.Connection@4f7ae05
2025-07-15T22:31:24.548-06:00  INFO 5365 --- [demo] [    Test worker] com.zaxxer.hikari.HikariDataSource       : HikariPool-1 - Start completed.
2025-07-15T22:31:24.564-06:00  WARN 5365 --- [demo] [    Test worker] org.hibernate.orm.deprecation            : HHH90000025: MariaDBDialect does not need to be specified explicitly using 'hibernate.dialect' (remove the property setting and it will be selected by default)
2025-07-15T22:31:25.115-06:00  INFO 5365 --- [demo] [    Test worker] o.h.e.t.j.p.i.JtaPlatformInitiator       : HHH000489: No JTA platform available (set 'hibernate.transaction.jta.platform' to enable JTA platform integration)
2025-07-15T22:31:25.163-06:00  INFO 5365 --- [demo] [    Test worker] j.LocalContainerEntityManagerFactoryBean : Initialized JPA EntityManagerFactory for persistence unit 'default'
2025-07-15T22:31:25.319-06:00  INFO 5365 --- [demo] [    Test worker] o.s.d.j.r.query.QueryEnhancerFactory     : Hibernate is in classpath; If applicable, HQL parser will be used.
2025-07-15T22:31:25.628-06:00  WARN 5365 --- [demo] [    Test worker] JpaBaseConfiguration$JpaWebConfiguration : spring.jpa.open-in-view is enabled by default. Therefore, database queries may be performed during view rendering. Explicitly configure spring.jpa.open-in-view to disable this warning
2025-07-15T22:31:26.238-06:00  INFO 5365 --- [demo] [    Test worker] o.s.b.a.e.web.EndpointLinksResolver      : Exposing 1 endpoint(s) beneath base path '/actuator'
2025-07-15T22:31:26.281-06:00  INFO 5365 --- [demo] [    Test worker] o.s.s.web.DefaultSecurityFilterChain     : Will secure any request with [org.springframework.security.web.session.DisableEncodeUrlFilter@194ef183, org.springframework.security.web.context.request.async.WebAsyncManagerIntegrationFilter@71f01211, org.springframework.security.web.context.SecurityContextHolderFilter@67b7b892, org.springframework.security.web.header.HeaderWriterFilter@65accb85, org.springframework.web.filter.CorsFilter@6831286e, org.springframework.security.web.authentication.logout.LogoutFilter@7d3f7e4b, com.project.demo.logic.entity.auth.JwtAuthenticationFilter@125c443, org.springframework.security.web.savedrequest.RequestCacheAwareFilter@4fa9533f, org.springframework.security.web.servletapi.SecurityContextHolderAwareRequestFilter@ee3a026, org.springframework.security.web.authentication.AnonymousAuthenticationFilter@5fd81b2c, org.springframework.security.web.session.SessionManagementFilter@1f1d3207, org.springframework.security.web.access.ExceptionTranslationFilter@3c88bef5, org.springframework.security.web.access.intercept.AuthorizationFilter@48c6107a]
Hibernate: select r1_0.id,r1_0.created_at,r1_0.description,r1_0.name,r1_0.updated_at from role r1_0 where r1_0.name=?
com.project.demo.logic.entity.rol.Role@3035c07c
Hibernate: select r1_0.id,r1_0.created_at,r1_0.description,r1_0.name,r1_0.updated_at from role r1_0 where r1_0.name=?
com.project.demo.logic.entity.rol.Role@43d5031b
Hibernate: select r1_0.id,r1_0.created_at,r1_0.description,r1_0.name,r1_0.updated_at from role r1_0 where r1_0.name=?
com.project.demo.logic.entity.rol.Role@4bdea421
Hibernate: select s1_0.id,s1_0.created_at,s1_0.domain,s1_0.name from school s1_0 where s1_0.domain=?
Hibernate: select r1_0.id,r1_0.created_at,r1_0.description,r1_0.name,r1_0.updated_at from role r1_0 where r1_0.name=?
Hibernate: select u1_0.id,u1_0.created_at,u1_0.email,u1_0.lastname,u1_0.name,u1_0.password,u1_0.profile_picture,u1_0.role_id,u1_0.school_id,u1_0.updated_at from user u1_0 where u1_0.email=?
Hibernate: select r1_0.id,r1_0.created_at,r1_0.description,r1_0.name,r1_0.updated_at from role r1_0 where r1_0.id=?
Hibernate: select s1_0.id,s1_0.created_at,s1_0.domain,s1_0.name from school s1_0 where s1_0.id=?
Hibernate: select s1_0.id,s1_0.created_at,s1_0.domain,s1_0.name from school s1_0 where s1_0.domain=?
2025-07-15T22:31:26.622-06:00  INFO 5365 --- [demo] [    Test worker] com.project.demo.DemoApplicationTests    : Started DemoApplicationTests in 3.206 seconds (process running for 3.703)
]]></system-out>
  <system-err><![CDATA[WARNING: A Java agent has been loaded dynamically (/Users/Pablo/.gradle/caches/modules-2/files-2.1/net.bytebuddy/byte-buddy-agent/1.14.13/979ce25f7d3096a2e82214ba7dc972a05ce7a171/byte-buddy-agent-1.14.13.jar)
WARNING: If a serviceability tool is in use, please run with -XX:+EnableDynamicAgentLoading to hide this warning
WARNING: If a serviceability tool is not in use, please run with -Djdk.instrument.traceUsage for more information
WARNING: Dynamic loading of agents will be disallowed by default in a future release
]]></system-err>
</testsuite>
